2025-01-13 09:20:48,548 - INFO - Added known data for Rakuten (2020)
2025-01-13 09:20:48,548 - INFO - Added known data for Rakuten (2021)
2025-01-13 09:20:48,548 - INFO - Added known data for CyberAgent (2020)
2025-01-13 09:20:48,548 - INFO - Collecting data for Rakuten
2025-01-13 09:20:49,197 - INFO - Successfully fetched career page for Rakuten
2025-01-13 09:20:49,536 - INFO - Successfully fetched IR page for Rakuten
2025-01-13 09:20:49,536 - INFO - Collecting data for CyberAgent
2025-01-13 09:20:53,995 - ERROR - Failed to fetch https://www.cyberagent.co.jp/careers/students/: 404 Client Error: Not Found for url: https://www.cyberagent.co.jp/careers/students/
2025-01-13 09:20:54,927 - INFO - Successfully fetched IR page for CyberAgent
2025-01-13 09:20:54,928 - INFO - Collecting data for DeNA
2025-01-13 09:20:55,916 - INFO - Successfully fetched career page for DeNA
2025-01-13 09:20:56,499 - INFO - Successfully fetched IR page for DeNA
2025-01-13 09:20:56,499 - INFO - Collecting data for LINE
2025-01-13 09:21:00,575 - ERROR - Failed to fetch https://careers.linecorp.com/ja/: 403 Client Error: Forbidden for url: https://careers.linecorp.com/ja/
2025-01-13 09:21:01,965 - INFO - Successfully fetched IR page for LINE
2025-01-13 09:21:01,965 - INFO - Collecting data for SoftBank
2025-01-13 09:21:02,509 - INFO - Successfully fetched career page for SoftBank
2025-01-13 09:21:02,537 - INFO - Successfully fetched IR page for SoftBank
2025-01-13 09:21:02,538 - INFO - Collecting data for NTT Data
2025-01-13 09:21:05,468 - ERROR - Failed to fetch https://recruit.nttdata.com/: HTTPSConnectionPool(host='recruit.nttdata.com', port=443): Max retries exceeded with url: / (Caused by NameResolutionError("<urllib3.connection.HTTPSConnection object at 0x7f6ab0ff6b10>: Failed to resolve 'recruit.nttdata.com' ([Errno -5] No address associated with hostname)"))
2025-01-13 09:21:05,901 - INFO - Successfully fetched IR page for NTT Data
2025-01-13 09:21:05,901 - INFO - Collecting data for Fujitsu
2025-01-13 09:21:08,118 - ERROR - Failed to fetch https://recruiting.fujitsu.com/: HTTPSConnectionPool(host='recruiting.fujitsu.com', port=443): Max retries exceeded with url: / (Caused by NameResolutionError("<urllib3.connection.HTTPSConnection object at 0x7f6ab0ff7a10>: Failed to resolve 'recruiting.fujitsu.com' ([Errno -2] Name or service not known)"))
2025-01-13 09:21:09,175 - INFO - Successfully fetched IR page for Fujitsu
2025-01-13 09:21:09,178 - INFO - Data saved to graduate_hiring_trends.csv
2025-01-13 09:21:09,178 - INFO - Data collection completed
2025-01-13 09:22:05,054 - INFO - Added known data for Rakuten (2020)
2025-01-13 09:22:05,054 - INFO - Added known data for Rakuten (2021)
2025-01-13 09:22:05,054 - INFO - Added known data for CyberAgent (2020)
2025-01-13 09:22:05,054 - INFO - Collecting data for Rakuten
2025-01-13 09:22:05,774 - INFO - Successfully fetched career page for Rakuten
2025-01-13 09:22:06,109 - INFO - Successfully fetched IR page for Rakuten
2025-01-13 09:22:06,109 - INFO - Collecting data for CyberAgent
2025-01-13 09:22:10,723 - ERROR - Failed to fetch https://www.cyberagent.co.jp/careers/students/: 404 Client Error: Not Found for url: https://www.cyberagent.co.jp/careers/students/
2025-01-13 09:22:11,482 - INFO - Successfully fetched IR page for CyberAgent
2025-01-13 09:22:11,482 - INFO - Collecting data for DeNA
2025-01-13 09:22:12,109 - INFO - Successfully fetched career page for DeNA
2025-01-13 09:22:12,697 - INFO - Successfully fetched IR page for DeNA
2025-01-13 09:22:12,697 - INFO - Collecting data for LINE
2025-01-13 09:22:15,874 - ERROR - Failed to fetch https://careers.linecorp.com/ja/: 403 Client Error: Forbidden for url: https://careers.linecorp.com/ja/
2025-01-13 09:22:17,350 - INFO - Successfully fetched IR page for LINE
2025-01-13 09:22:17,350 - INFO - Collecting data for SoftBank
2025-01-13 09:22:18,004 - INFO - Successfully fetched career page for SoftBank
2025-01-13 09:22:18,034 - INFO - Successfully fetched IR page for SoftBank
2025-01-13 09:22:18,034 - INFO - Collecting data for NTT Data
2025-01-13 09:22:20,765 - ERROR - Failed to fetch https://recruit.nttdata.com/: HTTPSConnectionPool(host='recruit.nttdata.com', port=443): Max retries exceeded with url: / (Caused by NameResolutionError("<urllib3.connection.HTTPSConnection object at 0x7f1483cbaba0>: Failed to resolve 'recruit.nttdata.com' ([Errno -5] No address associated with hostname)"))
2025-01-13 09:22:21,759 - INFO - Successfully fetched IR page for NTT Data
2025-01-13 09:22:21,759 - INFO - Collecting data for Fujitsu
2025-01-13 09:22:23,978 - ERROR - Failed to fetch https://recruiting.fujitsu.com/: HTTPSConnectionPool(host='recruiting.fujitsu.com', port=443): Max retries exceeded with url: / (Caused by NameResolutionError("<urllib3.connection.HTTPSConnection object at 0x7f1483cbac60>: Failed to resolve 'recruiting.fujitsu.com' ([Errno -2] Name or service not known)"))
2025-01-13 09:22:24,614 - INFO - Successfully fetched IR page for Fujitsu
2025-01-13 09:22:24,618 - INFO - Data saved to graduate_hiring_trends.csv
2025-01-13 09:22:24,618 - INFO - Data collection completed
2025-01-13 09:23:03,731 - INFO - Added known data for Rakuten (2020)
2025-01-13 09:23:03,731 - INFO - Added known data for Rakuten (2021)
2025-01-13 09:23:03,731 - INFO - Added known data for Rakuten (2022)
2025-01-13 09:23:03,731 - INFO - Added known data for Rakuten (2023)
2025-01-13 09:23:03,731 - INFO - Added known data for CyberAgent (2020)
2025-01-13 09:23:03,731 - INFO - Added known data for CyberAgent (2021)
2025-01-13 09:23:03,731 - INFO - Added known data for CyberAgent (2022)
2025-01-13 09:23:03,731 - INFO - Added known data for DeNA (2020)
2025-01-13 09:23:03,732 - INFO - Added known data for DeNA (2021)
2025-01-13 09:23:03,732 - INFO - Added known data for LINE (2020)
2025-01-13 09:23:03,732 - INFO - Added known data for LINE (2021)
2025-01-13 09:23:03,732 - INFO - Added known data for SoftBank (2020)
2025-01-13 09:23:03,732 - INFO - Added known data for SoftBank (2021)
2025-01-13 09:23:03,732 - INFO - Added known data for NTT Data (2020)
2025-01-13 09:23:03,732 - INFO - Added known data for NTT Data (2021)
2025-01-13 09:23:03,732 - INFO - Added known data for Fujitsu (2020)
2025-01-13 09:23:03,732 - INFO - Added known data for Fujitsu (2021)
2025-01-13 09:23:03,732 - INFO - Collecting data for Rakuten
2025-01-13 09:23:04,117 - INFO - Successfully fetched career page for Rakuten
2025-01-13 09:23:04,496 - INFO - Successfully fetched IR page for Rakuten
2025-01-13 09:23:04,496 - INFO - Collecting data for CyberAgent
2025-01-13 09:23:09,187 - ERROR - Failed to fetch https://www.cyberagent.co.jp/careers/students/: 404 Client Error: Not Found for url: https://www.cyberagent.co.jp/careers/students/
2025-01-13 09:23:09,984 - INFO - Successfully fetched IR page for CyberAgent
2025-01-13 09:23:09,984 - INFO - Collecting data for DeNA
2025-01-13 09:23:10,797 - INFO - Successfully fetched career page for DeNA
2025-01-13 09:23:11,665 - INFO - Successfully fetched IR page for DeNA
2025-01-13 09:23:11,665 - INFO - Collecting data for LINE
2025-01-13 09:23:14,699 - ERROR - Failed to fetch https://careers.linecorp.com/ja/: 403 Client Error: Forbidden for url: https://careers.linecorp.com/ja/
2025-01-13 09:23:15,517 - INFO - Successfully fetched IR page for LINE
2025-01-13 09:23:15,517 - INFO - Collecting data for SoftBank
2025-01-13 09:23:16,062 - INFO - Successfully fetched career page for SoftBank
2025-01-13 09:23:16,090 - INFO - Successfully fetched IR page for SoftBank
2025-01-13 09:23:16,090 - INFO - Collecting data for NTT Data
2025-01-13 09:23:18,675 - ERROR - Failed to fetch https://recruit.nttdata.com/: HTTPSConnectionPool(host='recruit.nttdata.com', port=443): Max retries exceeded with url: / (Caused by NameResolutionError("<urllib3.connection.HTTPSConnection object at 0x7f996c8ecbf0>: Failed to resolve 'recruit.nttdata.com' ([Errno -5] No address associated with hostname)"))
2025-01-13 09:23:19,391 - INFO - Successfully fetched IR page for NTT Data
2025-01-13 09:23:19,391 - INFO - Collecting data for Fujitsu
2025-01-13 09:23:21,549 - ERROR - Failed to fetch https://recruiting.fujitsu.com/: HTTPSConnectionPool(host='recruiting.fujitsu.com', port=443): Max retries exceeded with url: / (Caused by NameResolutionError("<urllib3.connection.HTTPSConnection object at 0x7f996c8c3ad0>: Failed to resolve 'recruiting.fujitsu.com' ([Errno -2] Name or service not known)"))
2025-01-13 09:23:22,213 - INFO - Successfully fetched IR page for Fujitsu
2025-01-13 09:23:22,217 - INFO - Data saved to graduate_hiring_trends.csv
2025-01-13 09:23:22,217 - INFO - Data collection completed
